<?xml version="1.0" encoding="UTF-8"?>
<testng-results ignored="0" total="1" passed="1" failed="0" skipped="0">
  <reporter-output>
    <line>
      <![CDATA[[[EdgeDriver: msedge on WINDOWS (76ad264a402806e4719d063175edc620)] -> xpath: //h3[@class='new_title_text']]]]>
    </line>
  </reporter-output>
  <suite started-at="2023-04-15T23:58:22 IST" name="Omega Suite" finished-at="2023-04-15T23:58:32 IST" duration-ms="9683">
    <groups>
    </groups>
    <test started-at="2023-04-15T23:58:22 IST" name="Login Scenario" finished-at="2023-04-15T23:58:32 IST" duration-ms="9683">
      <class name="omega.functional.login.scripts.TestScript001">
        <test-method signature="runScript()[pri:0, instance:omega.functional.login.scripts.TestScript001@16b2bb0c]" started-at="2023-04-15T23:58:22 IST" name="runScript" finished-at="2023-04-15T23:58:32 IST" duration-ms="9644" status="PASS">
          <reporter-output>
            <line>
              <![CDATA[[[EdgeDriver: msedge on WINDOWS (76ad264a402806e4719d063175edc620)] -> xpath: //h3[@class='new_title_text']]]]>
            </line>
          </reporter-output>
        </test-method> <!-- runScript -->
      </class> <!-- omega.functional.login.scripts.TestScript001 -->
    </test> <!-- Login Scenario -->
  </suite> <!-- Omega Suite -->
</testng-results>
